<?xml version="1.0" encoding="UTF-8"?>
<testng-results ignored="0" total="1" passed="1" failed="0" skipped="0">
  <reporter-output>
  </reporter-output>
  <suite started-at="2025-06-29T22:52:02 IST" name="Automation Suite" finished-at="2025-06-29T22:52:11 IST" duration-ms="8908">
    <groups>
    </groups>
    <test started-at="2025-06-29T22:52:02 IST" name="Login Tests" finished-at="2025-06-29T22:52:11 IST" duration-ms="8908">
      <class name="tests.LoginTest">
        <test-method is-config="true" signature="setup()[pri:0, instance:tests.LoginTest@52b1beb6]" started-at="2025-06-29T22:52:02 IST" name="setup" finished-at="2025-06-29T22:52:04 IST" duration-ms="1821" status="PASS">
          <reporter-output>
          </reporter-output>
        </test-method> <!-- setup -->
        <test-method signature="validLogin()[pri:0, instance:tests.LoginTest@52b1beb6]" started-at="2025-06-29T22:52:04 IST" name="validLogin" finished-at="2025-06-29T22:52:11 IST" duration-ms="6764" status="PASS">
          <reporter-output>
          </reporter-output>
        </test-method> <!-- validLogin -->
        <test-method is-config="true" signature="tearDown()[pri:0, instance:tests.LoginTest@52b1beb6]" started-at="2025-06-29T22:52:11 IST" name="tearDown" finished-at="2025-06-29T22:52:11 IST" duration-ms="262" status="PASS">
          <reporter-output>
          </reporter-output>
        </test-method> <!-- tearDown -->
      </class> <!-- tests.LoginTest -->
    </test> <!-- Login Tests -->
  </suite> <!-- Automation Suite -->
</testng-results>
